<?xml version="1.0" encoding="UTF-8"?>
<!-- Generated by org.testng.reporters.JUnitXMLReporter -->
<testsuite hostname="administ-PC" ignored="0" name="Test" tests="5" failures="1" timestamp="08 May 2018 17:06:51 GMT" time="162.166" errors="0">
  <testcase name="verify_Homepage" time="6.09" classname="Amazon.QA.Testcase.Homepage">
    <skipped/>
  </testcase> <!-- verify_Homepage -->
  <testcase name="verify_Homepage" time="2.019" classname="Amazon.QA.Testcase.Homepage">
    <skipped/>
  </testcase> <!-- verify_Homepage -->
  <testcase name="verify_Homepage" time="2.203" classname="Amazon.QA.Testcase.Homepage">
    <skipped/>
  </testcase> <!-- verify_Homepage -->
  <testcase name="verify_Homepage" time="1.834" classname="Amazon.QA.Testcase.Homepage">
    <failure type="java.lang.AssertionError" message="The following asserts failed:
	expected [false] but found [true],
	expected [false] but found [true],
	expected [false] but found [true],
	expected [false] but found [true],
	expected [false] but found [true],
	expected [false] but found [true],
	expected [false] but found [true],
	expected [false] but found [true],
	expected [false] but found [true],
	expected [false] but found [true],
	expected [false] but found [true]">
      <![CDATA[java.lang.AssertionError: The following asserts failed:
expected [false] but found [true],
expected [false] but found [true],
expected [false] but found [true],
expected [false] but found [true],
expected [false] but found [true],
expected [false] but found [true],
expected [false] but found [true],
expected [false] but found [true],
expected [false] but found [true],
expected [false] but found [true],
expected [false] but found [true]
at Amazon.QA.Testcase.Homepage.verify_Homepage(Homepage.java:92)
... Removed 29 stack frames]]>
    </failure>
  </testcase> <!-- verify_Homepage -->
  <testcase name="verify_Homepage_HeaderLink_options" time="61.473" classname="Amazon.QA.Testcase.Homepage"/>
</testsuite> <!-- Test -->
